<?xml version="1.0" encoding="UTF-8"?>
<!-- Generated by org.testng.reporters.JUnitReportReporter -->
<testsuite hostname="DESKTOP-3G8MCN5" failures="0" tests="1" name="MyJavaClass" time="0.005" errors="0" timestamp="2024-03-06T12:49:01 EET" skipped="0">
  <testcase classname="MyJavaClass" name="myTest" time="0.005"/>
  <system-out/>
</testsuite> <!-- MyJavaClass -->
